<?xml version="1.0" encoding="UTF-8"?>
<!-- Generated by org.testng.reporters.JUnitReportReporter -->
<testsuite hostname="DESKTOP-CEB49JQ" failures="0" tests="5" name="PublicBookAPI.DDTTestNGAPI" time="8.930" errors="0" timestamp="2024-06-02T14:18:33 IST" skipped="0">
  <testcase classname="PublicBookAPI.DDTTestNGAPI" name="AddBookAPI" time="0.377"/>
  <testcase classname="PublicBookAPI.DDTTestNGAPI" name="AddBookAPI" time="7.507"/>
  <testcase classname="PublicBookAPI.DDTTestNGAPI" name="AddBookAPI" time="0.363"/>
  <testcase classname="PublicBookAPI.DDTTestNGAPI" name="GetBookAPI" time="0.294"/>
  <testcase classname="PublicBookAPI.DDTTestNGAPI" name="DeleteBook" time="0.389"/>
</testsuite> <!-- PublicBookAPI.DDTTestNGAPI -->
