<?xml version="1.0" encoding="UTF-8"?>
<!-- Generated by org.testng.reporters.JUnitReportReporter -->
<testsuite hostname="DESKTOP-CEB49JQ" failures="0" tests="3" name="PublicBookAPI.ADDHttpMethodTest" time="7.989" errors="0" timestamp="2024-06-02T13:48:45 IST" skipped="0">
  <testcase classname="PublicBookAPI.ADDHttpMethodTest" name="CreateBookAPI" time="7.466"/>
  <testcase classname="PublicBookAPI.ADDHttpMethodTest" name="GetBookAPI" time="0.292"/>
  <testcase classname="PublicBookAPI.ADDHttpMethodTest" name="DeleteBook" time="0.231"/>
</testsuite> <!-- PublicBookAPI.ADDHttpMethodTest -->
